INFO:smartsheet.smartsheet:Request: {
command: GET https://api.smartsheet.com/2.0/sheets/238975370717060?pageSize=100&page=1
}
INFO:smartsheet.smartsheet:Request: {
command: GET https://api.smartsheet.com/2.0/sheets/238975370717060?pageSize=100&page=1
}
INFO:smartsheet.smartsheet:Request: {
command: GET https://api.smartsheet.com/2.0/sheets/238975370717060?pageSize=100&page=1
}
INFO:smartsheet.smartsheet:Request: {
command: GET https://api.smartsheet.com/2.0/sheets/238975370717060?pageSize=100&page=1
}
INFO:smartsheet.smartsheet:Request: {
command: GET https://api.smartsheet.com/2.0/sheets/238975370717060?pageSize=100&page=1
}
INFO:smartsheet.smartsheet:Request: {
command: GET https://api.smartsheet.com/2.0/sheets/238975370717060?pageSize=100&page=1
}
INFO:smartsheet.smartsheet:Request: {
command: GET https://api.smartsheet.com/2.0/sheets/238975370717060?pageSize=100&page=1
}
INFO:smartsheet.smartsheet:Request: {
command: GET https://api.smartsheet.com/2.0/sheets/238975370717060?pageSize=100&page=1
}
INFO:smartsheet.smartsheet:Request: {
command: GET https://api.smartsheet.com/2.0/sheets/238975370717060?pageSize=100&page=1
}
INFO:smartsheet.smartsheet:Request: {
command: GET https://api.smartsheet.com/2.0/sheets/238975370717060?pageSize=100&page=1
}
INFO:smartsheet.smartsheet:Request: {
command: GET https://api.smartsheet.com/2.0/sheets/238975370717060?pageSize=100&page=1
}
INFO:smartsheet.smartsheet:Request: {
command: GET https://api.smartsheet.com/2.0/sheets/238975370717060?pageSize=100&page=1
}
INFO:smartsheet.smartsheet:Request: {
command: GET https://api.smartsheet.com/2.0/sheets/238975370717060?pageSize=100&page=1
}
INFO:smartsheet.smartsheet:Request: {
command: GET https://api.smartsheet.com/2.0/sheets/238975370717060?pageSize=100&page=1
}
INFO:smartsheet.smartsheet:Request: {
command: GET https://api.smartsheet.com/2.0/sheets/238975370717060?pageSize=100&page=1
}
INFO:smartsheet.smartsheet:Request: {
command: GET https://api.smartsheet.com/2.0/sheets/238975370717060?pageSize=100&page=1
}
INFO:smartsheet.smartsheet:Request: {
command: GET https://api.smartsheet.com/2.0/sheets/238975370717060?pageSize=100&page=1
}
INFO:smartsheet.smartsheet:Request: {
command: GET https://api.smartsheet.com/2.0/sheets/238975370717060?pageSize=100&page=1
}
INFO:smartsheet.smartsheet:Request: {
command: GET https://api.smartsheet.com/2.0/sheets/238975370717060?pageSize=100&page=1
}
INFO:smartsheet.smartsheet:Request: {
command: GET https://api.smartsheet.com/2.0/sheets/238975370717060?pageSize=100&page=1
}
INFO:smartsheet.smartsheet:Request: {
command: GET https://api.smartsheet.com/2.0/sheets/238975370717060?pageSize=100&page=1
}
INFO:smartsheet.smartsheet:Request: {
command: GET https://api.smartsheet.com/2.0/sheets/238975370717060?pageSize=100&page=1
}
INFO:smartsheet.smartsheet:Request: {
command: GET https://api.smartsheet.com/2.0/sheets/238975370717060?pageSize=100&page=1
}
INFO:smartsheet.smartsheet:Request: {
command: GET https://api.smartsheet.com/2.0/sheets/238975370717060?pageSize=100&page=1
}
INFO:smartsheet.smartsheet:Request: {
command: GET https://api.smartsheet.com/2.0/sheets/238975370717060?pageSize=100&page=1
}
INFO:smartsheet.smartsheet:Request: {
command: GET https://api.smartsheet.com/2.0/sheets/238975370717060?pageSize=100&page=1
}
INFO:smartsheet.smartsheet:Request: {
command: GET https://api.smartsheet.com/2.0/sheets/238975370717060?pageSize=100&page=1
}
INFO:smartsheet.smartsheet:Request: {
command: GET https://api.smartsheet.com/2.0/sheets/238975370717060?pageSize=100&page=1
}
INFO:smartsheet.smartsheet:Request: {
command: GET https://api.smartsheet.com/2.0/sheets/238975370717060?pageSize=100&page=1
}
INFO:smartsheet.smartsheet:Request: {
command: GET https://api.smartsheet.com/2.0/sheets/238975370717060?pageSize=100&page=1
}
INFO:smartsheet.smartsheet:Request: {
command: GET https://api.smartsheet.com/2.0/sheets/238975370717060?pageSize=100&page=1
}
INFO:smartsheet.smartsheet:Request: {
command: GET https://api.smartsheet.com/2.0/sheets/238975370717060?pageSize=100&page=1
}
INFO:smartsheet.smartsheet:Request: {
command: GET https://api.smartsheet.com/2.0/sheets/238975370717060?pageSize=100&page=1
}
INFO:smartsheet.smartsheet:Request: {
command: GET https://api.smartsheet.com/2.0/sheets/238975370717060?pageSize=100&page=1
}
INFO:smartsheet.smartsheet:Request: {
command: GET https://api.smartsheet.com/2.0/sheets/238975370717060?pageSize=100&page=1
}
INFO:smartsheet.smartsheet:Request: {
command: GET https://api.smartsheet.com/2.0/sheets/238975370717060?pageSize=100&page=1
}
INFO:smartsheet.smartsheet:Request: {
command: GET https://api.smartsheet.com/2.0/sheets/238975370717060?pageSize=100&page=1
}
INFO:smartsheet.smartsheet:Request: {
command: GET https://api.smartsheet.com/2.0/sheets/238975370717060?pageSize=100&page=1
}
INFO:smartsheet.smartsheet:Request: {
command: GET https://api.smartsheet.com/2.0/sheets/238975370717060?pageSize=100&page=1
}
INFO:smartsheet.smartsheet:Request: {
command: GET https://api.smartsheet.com/2.0/sheets/238975370717060?pageSize=100&page=1
}
INFO:smartsheet.smartsheet:Request: {
command: GET https://api.smartsheet.com/2.0/sheets/238975370717060?pageSize=100&page=1
}
INFO:smartsheet.smartsheet:Request: {
command: GET https://api.smartsheet.com/2.0/sheets/238975370717060?pageSize=100&page=1
}
INFO:smartsheet.smartsheet:Request: {
command: GET https://api.smartsheet.com/2.0/sheets/238975370717060?pageSize=100&page=1
}
INFO:smartsheet.smartsheet:Request: {
command: GET https://api.smartsheet.com/2.0/sheets/238975370717060?pageSize=100&page=1
}
INFO:smartsheet.smartsheet:Request: {
command: GET https://api.smartsheet.com/2.0/sheets/238975370717060?pageSize=100&page=1
}
INFO:smartsheet.smartsheet:Request: {
command: GET https://api.smartsheet.com/2.0/sheets/238975370717060?pageSize=100&page=1
}
INFO:smartsheet.smartsheet:Request: {
command: GET https://api.smartsheet.com/2.0/sheets/238975370717060?pageSize=100&page=1
}
INFO:smartsheet.smartsheet:Request: {
command: GET https://api.smartsheet.com/2.0/sheets/238975370717060?pageSize=100&page=1
}
INFO:smartsheet.smartsheet:Request: {
command: GET https://api.smartsheet.com/2.0/sheets/238975370717060?pageSize=100&page=1
}
INFO:smartsheet.smartsheet:Request: {
command: GET https://api.smartsheet.com/2.0/sheets/238975370717060?pageSize=100&page=1
}
INFO:smartsheet.smartsheet:Request: {
command: GET https://api.smartsheet.com/2.0/sheets/238975370717060?pageSize=100&page=1
}
INFO:smartsheet.smartsheet:Request: {
command: GET https://api.smartsheet.com/2.0/sheets/238975370717060?pageSize=100&page=1
}
INFO:smartsheet.smartsheet:Request: {
command: GET https://api.smartsheet.com/2.0/sheets/238975370717060?pageSize=100&page=1
}
INFO:smartsheet.smartsheet:Request: {
command: GET https://api.smartsheet.com/2.0/sheets/238975370717060?pageSize=100&page=1
}
INFO:smartsheet.smartsheet:Request: {
command: GET https://api.smartsheet.com/2.0/sheets/238975370717060?pageSize=100&page=1
}
INFO:smartsheet.smartsheet:Request: {
command: GET https://api.smartsheet.com/2.0/sheets/238975370717060?pageSize=100&page=1
}
INFO:smartsheet.smartsheet:Request: {
command: GET https://api.smartsheet.com/2.0/sheets/238975370717060?pageSize=100&page=1
}
INFO:smartsheet.smartsheet:Request: {
command: GET https://api.smartsheet.com/2.0/sheets/238975370717060?pageSize=100&page=1
}
INFO:smartsheet.smartsheet:Request: {
command: GET https://api.smartsheet.com/2.0/sheets/238975370717060?pageSize=100&page=1
}
INFO:smartsheet.smartsheet:Request: {
command: GET https://api.smartsheet.com/2.0/sheets/238975370717060?pageSize=100&page=1
}
INFO:smartsheet.smartsheet:Request: {
command: GET https://api.smartsheet.com/2.0/sheets/238975370717060?pageSize=100&page=1
}
INFO:smartsheet.smartsheet:Request: {
command: GET https://api.smartsheet.com/2.0/sheets/238975370717060?pageSize=100&page=1
}
INFO:smartsheet.smartsheet:Request: {
command: GET https://api.smartsheet.com/2.0/sheets/238975370717060?pageSize=100&page=1
}
INFO:smartsheet.smartsheet:Request: {
command: GET https://api.smartsheet.com/2.0/sheets/238975370717060?pageSize=100&page=1
}
INFO:smartsheet.smartsheet:Request: {
command: GET https://api.smartsheet.com/2.0/sheets/238975370717060?pageSize=100&page=1
}
INFO:smartsheet.smartsheet:Request: {
command: GET https://api.smartsheet.com/2.0/sheets/238975370717060?pageSize=100&page=1
}
INFO:smartsheet.smartsheet:Request: {
command: GET https://api.smartsheet.com/2.0/sheets/238975370717060?pageSize=100&page=1
}
INFO:smartsheet.smartsheet:Request: {
command: GET https://api.smartsheet.com/2.0/sheets/238975370717060?pageSize=100&page=1
}
INFO:smartsheet.smartsheet:Request: {
command: GET https://api.smartsheet.com/2.0/sheets/238975370717060?pageSize=100&page=1
}
INFO:smartsheet.smartsheet:Request: {
command: GET https://api.smartsheet.com/2.0/sheets/238975370717060?pageSize=100&page=1
}
INFO:smartsheet.smartsheet:Request: {
command: GET https://api.smartsheet.com/2.0/sheets/238975370717060?pageSize=100&page=1
}
INFO:smartsheet.smartsheet:Request: {
command: GET https://api.smartsheet.com/2.0/sheets/238975370717060?pageSize=100&page=1
}
INFO:smartsheet.smartsheet:Request: {
command: GET https://api.smartsheet.com/2.0/sheets/238975370717060?pageSize=100&page=1
}
INFO:smartsheet.smartsheet:Request: {
command: GET https://api.smartsheet.com/2.0/sheets/238975370717060?pageSize=100&page=1
}
INFO:smartsheet.smartsheet:Request: {
command: GET https://api.smartsheet.com/2.0/sheets/238975370717060?pageSize=100&page=1
}
INFO:smartsheet.smartsheet:Request: {
command: GET https://api.smartsheet.com/2.0/sheets/238975370717060?pageSize=100&page=1
}
INFO:smartsheet.smartsheet:Request: {
command: GET https://api.smartsheet.com/2.0/sheets/238975370717060?pageSize=100&page=1
}
INFO:smartsheet.smartsheet:Request: {
command: GET https://api.smartsheet.com/2.0/sheets/238975370717060?pageSize=100&page=1
}
INFO:smartsheet.smartsheet:Request: {
command: GET https://api.smartsheet.com/2.0/sheets/238975370717060?pageSize=100&page=1
}
INFO:smartsheet.smartsheet:Request: {
command: GET https://api.smartsheet.com/2.0/sheets/238975370717060?pageSize=100&page=1
}
INFO:smartsheet.smartsheet:Request: {
command: GET https://api.smartsheet.com/2.0/sheets/238975370717060?pageSize=100&page=1
}
INFO:smartsheet.smartsheet:Request: {
command: GET https://api.smartsheet.com/2.0/sheets/238975370717060?pageSize=100&page=1
}
INFO:smartsheet.smartsheet:Request: {
command: GET https://api.smartsheet.com/2.0/sheets/238975370717060?pageSize=100&page=1
}
INFO:smartsheet.smartsheet:Request: {
command: GET https://api.smartsheet.com/2.0/sheets/238975370717060?pageSize=100&page=1
}
INFO:smartsheet.smartsheet:Request: {
command: GET https://api.smartsheet.com/2.0/sheets/238975370717060?pageSize=100&page=1
}
INFO:smartsheet.smartsheet:Request: {
command: GET https://api.smartsheet.com/2.0/sheets/238975370717060?pageSize=100&page=1
}
INFO:smartsheet.smartsheet:Request: {
command: GET https://api.smartsheet.com/2.0/sheets/238975370717060?pageSize=100&page=1
}
INFO:smartsheet.smartsheet:Request: {
command: GET https://api.smartsheet.com/2.0/sheets/238975370717060?pageSize=100&page=1
}
INFO:smartsheet.smartsheet:Request: {
command: GET https://api.smartsheet.com/2.0/sheets/238975370717060?pageSize=100&page=1
}
INFO:smartsheet.smartsheet:Request: {
command: GET https://api.smartsheet.com/2.0/sheets/238975370717060?pageSize=100&page=1
}
INFO:smartsheet.smartsheet:Request: {
command: GET https://api.smartsheet.com/2.0/sheets/238975370717060?pageSize=100&page=1
}
INFO:smartsheet.smartsheet:Request: {
command: GET https://api.smartsheet.com/2.0/sheets/238975370717060?pageSize=100&page=1
}
INFO:smartsheet.smartsheet:Request: {
command: GET https://api.smartsheet.com/2.0/sheets/238975370717060?pageSize=100&page=1
}
INFO:smartsheet.smartsheet:Request: {
command: GET https://api.smartsheet.com/2.0/sheets/238975370717060?pageSize=100&page=1
}
INFO:smartsheet.smartsheet:Request: {
command: GET https://api.smartsheet.com/2.0/sheets/238975370717060?pageSize=100&page=1
}
INFO:smartsheet.smartsheet:Request: {
command: GET https://api.smartsheet.com/2.0/sheets/238975370717060?pageSize=100&page=1
}
INFO:smartsheet.smartsheet:Request: {
command: GET https://api.smartsheet.com/2.0/sheets/238975370717060?pageSize=100&page=1
}
INFO:smartsheet.smartsheet:Request: {
command: GET https://api.smartsheet.com/2.0/sheets/238975370717060?pageSize=100&page=1
}
INFO:smartsheet.smartsheet:Request: {
command: GET https://api.smartsheet.com/2.0/sheets/238975370717060?pageSize=100&page=2
}
INFO:smartsheet.smartsheet:Request: {
command: GET https://api.smartsheet.com/2.0/sheets/238975370717060?pageSize=100&page=3
}
INFO:smartsheet.smartsheet:Request: {
command: GET https://api.smartsheet.com/2.0/sheets/238975370717060?pageSize=100&page=4
}
INFO:smartsheet.smartsheet:Request: {
command: GET https://api.smartsheet.com/2.0/sheets/238975370717060?pageSize=100&page=5
}
INFO:smartsheet.smartsheet:Request: {
command: GET https://api.smartsheet.com/2.0/sheets/238975370717060?pageSize=100&page=6
}
INFO:smartsheet.smartsheet:Request: {
command: GET https://api.smartsheet.com/2.0/sheets/238975370717060?pageSize=100&page=1
}
INFO:smartsheet.smartsheet:Request: {
command: GET https://api.smartsheet.com/2.0/sheets/238975370717060?pageSize=100&page=2
}
INFO:smartsheet.smartsheet:Request: {
command: GET https://api.smartsheet.com/2.0/sheets/238975370717060?pageSize=100&page=3
}
INFO:smartsheet.smartsheet:Request: {
command: GET https://api.smartsheet.com/2.0/sheets/238975370717060?pageSize=100&page=4
}
INFO:smartsheet.smartsheet:Request: {
command: GET https://api.smartsheet.com/2.0/sheets/238975370717060?pageSize=100&page=5
}
INFO:smartsheet.smartsheet:Request: {
command: GET https://api.smartsheet.com/2.0/sheets/238975370717060?pageSize=100&page=6
}
INFO:smartsheet.smartsheet:Request: {
command: GET https://api.smartsheet.com/2.0/sheets/238975370717060?pageSize=100&page=1
}
INFO:smartsheet.smartsheet:Request: {
command: GET https://api.smartsheet.com/2.0/sheets/238975370717060?pageSize=100&page=1
}
INFO:smartsheet.smartsheet:Request: {
command: GET https://api.smartsheet.com/2.0/sheets/238975370717060?pageSize=100&page=2
}
INFO:smartsheet.smartsheet:Request: {
command: GET https://api.smartsheet.com/2.0/sheets/238975370717060?pageSize=100&page=3
}
INFO:smartsheet.smartsheet:Request: {
command: GET https://api.smartsheet.com/2.0/sheets/238975370717060?pageSize=100&page=4
}
INFO:smartsheet.smartsheet:Request: {
command: GET https://api.smartsheet.com/2.0/sheets/238975370717060?pageSize=100&page=5
}
INFO:smartsheet.smartsheet:Request: {
command: GET https://api.smartsheet.com/2.0/sheets/238975370717060?pageSize=100&page=6
}
INFO:smartsheet.smartsheet:Request: {
command: GET https://api.smartsheet.com/2.0/sheets/238975370717060?pageSize=100&page=1
}
INFO:smartsheet.smartsheet:Request: {
command: GET https://api.smartsheet.com/2.0/sheets/238975370717060?pageSize=100&page=2
}
INFO:smartsheet.smartsheet:Request: {
command: GET https://api.smartsheet.com/2.0/sheets/238975370717060?pageSize=100&page=3
}
INFO:smartsheet.smartsheet:Request: {
command: GET https://api.smartsheet.com/2.0/sheets/238975370717060?pageSize=100&page=4
}
INFO:smartsheet.smartsheet:Request: {
command: GET https://api.smartsheet.com/2.0/sheets/238975370717060?pageSize=100&page=5
}
INFO:smartsheet.smartsheet:Request: {
command: GET https://api.smartsheet.com/2.0/sheets/238975370717060?pageSize=100&page=6
}
INFO:smartsheet.smartsheet:Request: {
command: GET https://api.smartsheet.com/2.0/sheets/7967217217234820?pageSize=100&page=1
}
INFO:smartsheet.smartsheet:Request: {
command: GET https://api.smartsheet.com/2.0/sheets/7967217217234820?pageSize=100&page=2
}
INFO:smartsheet.smartsheet:Request: {
command: GET https://api.smartsheet.com/2.0/sheets/7967217217234820?pageSize=100&page=3
}
INFO:smartsheet.smartsheet:Request: {
command: GET https://api.smartsheet.com/2.0/sheets/7967217217234820?pageSize=100&page=4
}
INFO:smartsheet.smartsheet:Request: {
command: GET https://api.smartsheet.com/2.0/sheets/7967217217234820?pageSize=100&page=5
}
INFO:smartsheet.smartsheet:Request: {
command: GET https://api.smartsheet.com/2.0/sheets/7967217217234820?pageSize=100&page=6
}
INFO:smartsheet.smartsheet:Request: {
command: GET https://api.smartsheet.com/2.0/sheets/7967217217234820?pageSize=100&page=1
}
ERROR:smartsheet.smartsheet:ImportError! Could not load api or model class __get__
ERROR:smartsheet.smartsheet:ImportError! Could not load api or model class __set__
INFO:smartsheet.smartsheet:Request: {
command: GET https://api.smartsheet.com/2.0/sheets/7967217217234820?pageSize=100&page=1
}
ERROR:smartsheet.smartsheet:ImportError! Could not load api or model class __get__
ERROR:smartsheet.smartsheet:ImportError! Could not load api or model class __set__
ERROR:smartsheet.smartsheet:ImportError! Could not load api or model class update_rows
INFO:smartsheet.smartsheet:Request: {
command: GET https://api.smartsheet.com/2.0/sheets/7967217217234820?pageSize=100&page=1
}
INFO:smartsheet.smartsheet:Request: {
command: PUT https://api.smartsheet.com/2.0/sheets/7967217217234820/rows
}
INFO:smartsheet.smartsheet:Request: {
command: GET https://api.smartsheet.com/2.0/sheets/7967217217234820?pageSize=100&page=2
}
INFO:smartsheet.smartsheet:Request: {
command: PUT https://api.smartsheet.com/2.0/sheets/7967217217234820/rows
}
INFO:smartsheet.smartsheet:Request: {
command: GET https://api.smartsheet.com/2.0/sheets/7967217217234820?pageSize=100&page=3
}
INFO:smartsheet.smartsheet:Request: {
command: PUT https://api.smartsheet.com/2.0/sheets/7967217217234820/rows
}
INFO:smartsheet.smartsheet:Request: {
command: GET https://api.smartsheet.com/2.0/sheets/7967217217234820?pageSize=100&page=4
}
INFO:smartsheet.smartsheet:Request: {
command: PUT https://api.smartsheet.com/2.0/sheets/7967217217234820/rows
}
INFO:smartsheet.smartsheet:Request: {
command: GET https://api.smartsheet.com/2.0/sheets/7967217217234820?pageSize=100&page=5
}
INFO:smartsheet.smartsheet:Request: {
command: PUT https://api.smartsheet.com/2.0/sheets/7967217217234820/rows
}
INFO:smartsheet.smartsheet:Request: {
command: GET https://api.smartsheet.com/2.0/sheets/7967217217234820?pageSize=100&page=6
}
INFO:smartsheet.smartsheet:Request: {
command: GET https://api.smartsheet.com/2.0/sheets/7967217217234820?pageSize=100&page=1
}
INFO:smartsheet.smartsheet:Request: {
command: PUT https://api.smartsheet.com/2.0/sheets/7967217217234820/rows
}
INFO:smartsheet.smartsheet:Request: {
command: GET https://api.smartsheet.com/2.0/sheets/7967217217234820?pageSize=100&page=2
}
INFO:smartsheet.smartsheet:Request: {
command: PUT https://api.smartsheet.com/2.0/sheets/7967217217234820/rows
}
INFO:smartsheet.smartsheet:Request: {
command: GET https://api.smartsheet.com/2.0/sheets/7967217217234820?pageSize=100&page=3
}
INFO:smartsheet.smartsheet:Request: {
command: PUT https://api.smartsheet.com/2.0/sheets/7967217217234820/rows
}
INFO:smartsheet.smartsheet:Request: {
command: GET https://api.smartsheet.com/2.0/sheets/7967217217234820?pageSize=100&page=4
}
INFO:smartsheet.smartsheet:Request: {
command: PUT https://api.smartsheet.com/2.0/sheets/7967217217234820/rows
}
INFO:smartsheet.smartsheet:Request: {
command: GET https://api.smartsheet.com/2.0/sheets/7967217217234820?pageSize=100&page=5
}
INFO:smartsheet.smartsheet:Request: {
command: PUT https://api.smartsheet.com/2.0/sheets/7967217217234820/rows
}
INFO:smartsheet.smartsheet:Request: {
command: GET https://api.smartsheet.com/2.0/sheets/7967217217234820?pageSize=100&page=6
}
INFO:smartsheet.smartsheet:Request: {
command: PUT https://api.smartsheet.com/2.0/sheets/7967217217234820/rows
}
INFO:smartsheet.smartsheet:Request: {
command: GET https://api.smartsheet.com/2.0/sheets/7967217217234820?pageSize=100&page=1
}
INFO:smartsheet.smartsheet:Request: {
command: PUT https://api.smartsheet.com/2.0/sheets/7967217217234820/rows
}
INFO:smartsheet.smartsheet:Request: {
command: GET https://api.smartsheet.com/2.0/sheets/7967217217234820?pageSize=100&page=2
}
INFO:smartsheet.smartsheet:Request: {
command: PUT https://api.smartsheet.com/2.0/sheets/7967217217234820/rows
}
INFO:smartsheet.smartsheet:Request: {
command: GET https://api.smartsheet.com/2.0/sheets/7967217217234820?pageSize=100&page=3
}
INFO:smartsheet.smartsheet:Request: {
command: PUT https://api.smartsheet.com/2.0/sheets/7967217217234820/rows
}
INFO:smartsheet.smartsheet:Request: {
command: GET https://api.smartsheet.com/2.0/sheets/7967217217234820?pageSize=100&page=4
}
INFO:smartsheet.smartsheet:Request: {
command: PUT https://api.smartsheet.com/2.0/sheets/7967217217234820/rows
}
INFO:smartsheet.smartsheet:Request: {
command: GET https://api.smartsheet.com/2.0/sheets/7967217217234820?pageSize=100&page=5
}
INFO:smartsheet.smartsheet:Request: {
command: PUT https://api.smartsheet.com/2.0/sheets/7967217217234820/rows
}
INFO:smartsheet.smartsheet:Request: {
command: GET https://api.smartsheet.com/2.0/sheets/7967217217234820?pageSize=100&page=6
}
INFO:smartsheet.smartsheet:Request: {
command: PUT https://api.smartsheet.com/2.0/sheets/7967217217234820/rows
}
INFO:smartsheet.smartsheet:Request: {
command: GET https://api.smartsheet.com/2.0/sheets/7967217217234820?pageSize=100&page=1
}
INFO:smartsheet.smartsheet:Request: {
command: PUT https://api.smartsheet.com/2.0/sheets/7967217217234820/rows
}
INFO:smartsheet.smartsheet:Request: {
command: GET https://api.smartsheet.com/2.0/sheets/7967217217234820?pageSize=100&page=2
}
INFO:smartsheet.smartsheet:Request: {
command: PUT https://api.smartsheet.com/2.0/sheets/7967217217234820/rows
}
INFO:smartsheet.smartsheet:Request: {
command: GET https://api.smartsheet.com/2.0/sheets/7967217217234820?pageSize=100&page=3
}
INFO:smartsheet.smartsheet:Request: {
command: PUT https://api.smartsheet.com/2.0/sheets/7967217217234820/rows
}
INFO:smartsheet.smartsheet:Request: {
command: GET https://api.smartsheet.com/2.0/sheets/7967217217234820?pageSize=100&page=4
}
INFO:smartsheet.smartsheet:Request: {
command: PUT https://api.smartsheet.com/2.0/sheets/7967217217234820/rows
}
INFO:smartsheet.smartsheet:Request: {
command: GET https://api.smartsheet.com/2.0/sheets/7967217217234820?pageSize=100&page=5
}
INFO:smartsheet.smartsheet:Request: {
command: PUT https://api.smartsheet.com/2.0/sheets/7967217217234820/rows
}
INFO:smartsheet.smartsheet:Request: {
command: GET https://api.smartsheet.com/2.0/sheets/7967217217234820?pageSize=100&page=6
}
INFO:smartsheet.smartsheet:Request: {
command: PUT https://api.smartsheet.com/2.0/sheets/7967217217234820/rows
}
INFO:smartsheet.smartsheet:Request: {
command: GET https://api.smartsheet.com/2.0/sheets/7967217217234820?pageSize=100&page=1
}
INFO:smartsheet.smartsheet:Request: {
command: PUT https://api.smartsheet.com/2.0/sheets/7967217217234820/rows
}
INFO:smartsheet.smartsheet:Request: {
command: GET https://api.smartsheet.com/2.0/sheets/7967217217234820?pageSize=100&page=2
}
INFO:smartsheet.smartsheet:Request: {
command: PUT https://api.smartsheet.com/2.0/sheets/7967217217234820/rows
}
INFO:smartsheet.smartsheet:Request: {
command: GET https://api.smartsheet.com/2.0/sheets/7967217217234820?pageSize=100&page=3
}
INFO:smartsheet.smartsheet:Request: {
command: PUT https://api.smartsheet.com/2.0/sheets/7967217217234820/rows
}
INFO:smartsheet.smartsheet:Request: {
command: GET https://api.smartsheet.com/2.0/sheets/7967217217234820?pageSize=100&page=4
}
INFO:smartsheet.smartsheet:Request: {
command: PUT https://api.smartsheet.com/2.0/sheets/7967217217234820/rows
}
INFO:smartsheet.smartsheet:Request: {
command: GET https://api.smartsheet.com/2.0/sheets/7967217217234820?pageSize=100&page=5
}
INFO:smartsheet.smartsheet:Request: {
command: PUT https://api.smartsheet.com/2.0/sheets/7967217217234820/rows
}
INFO:smartsheet.smartsheet:Request: {
command: GET https://api.smartsheet.com/2.0/sheets/7967217217234820?pageSize=100&page=6
}
INFO:smartsheet.smartsheet:Request: {
command: PUT https://api.smartsheet.com/2.0/sheets/7967217217234820/rows
}
INFO:smartsheet.smartsheet:Request: {
command: GET https://api.smartsheet.com/2.0/sheets/238975370717060?pageSize=100&page=1
}
INFO:smartsheet.smartsheet:Request: {
command: GET https://api.smartsheet.com/2.0/sheets/238975370717060?pageSize=100&page=2
}
INFO:smartsheet.smartsheet:Request: {
command: GET https://api.smartsheet.com/2.0/sheets/238975370717060?pageSize=100&page=3
}
INFO:smartsheet.smartsheet:Request: {
command: GET https://api.smartsheet.com/2.0/sheets/238975370717060?pageSize=100&page=4
}
INFO:smartsheet.smartsheet:Request: {
command: GET https://api.smartsheet.com/2.0/sheets/238975370717060?pageSize=100&page=5
}
INFO:smartsheet.smartsheet:Request: {
command: GET https://api.smartsheet.com/2.0/sheets/238975370717060?pageSize=100&page=6
}
INFO:smartsheet.smartsheet:Request: {
command: GET https://api.smartsheet.com/2.0/sheets/7306346304432004?pageSize=100&page=1
}
INFO:smartsheet.smartsheet:Request: {
command: GET https://api.smartsheet.com/2.0/sheets/238975370717060?pageSize=100&page=1
}
INFO:smartsheet.smartsheet:Request: {
command: GET https://api.smartsheet.com/2.0/sheets/238975370717060?pageSize=100&page=2
}
INFO:smartsheet.smartsheet:Request: {
command: GET https://api.smartsheet.com/2.0/sheets/238975370717060?pageSize=100&page=3
}
INFO:smartsheet.smartsheet:Request: {
command: GET https://api.smartsheet.com/2.0/sheets/238975370717060?pageSize=100&page=4
}
INFO:smartsheet.smartsheet:Request: {
command: GET https://api.smartsheet.com/2.0/sheets/238975370717060?pageSize=100&page=5
}
INFO:smartsheet.smartsheet:Request: {
command: GET https://api.smartsheet.com/2.0/sheets/238975370717060?pageSize=100&page=6
}
INFO:smartsheet.smartsheet:Request: {
command: GET https://api.smartsheet.com/2.0/sheets/7306346304432004?pageSize=100&page=1
}
INFO:smartsheet.smartsheet:Request: {
command: GET https://api.smartsheet.com/2.0/sheets/238975370717060?pageSize=100&page=1
}
INFO:util:object 'Sheet' is missing property 'cell_image_upload_enabled'
INFO:smartsheet.smartsheet:Request: {
command: GET https://api.smartsheet.com/2.0/sheets/238975370717060?pageSize=100&page=2
}
INFO:util:object 'Sheet' is missing property 'cell_image_upload_enabled'
INFO:smartsheet.smartsheet:Request: {
command: GET https://api.smartsheet.com/2.0/sheets/238975370717060?pageSize=100&page=3
}
INFO:util:object 'Sheet' is missing property 'cell_image_upload_enabled'
INFO:smartsheet.smartsheet:Request: {
command: GET https://api.smartsheet.com/2.0/sheets/238975370717060?pageSize=100&page=4
}
INFO:util:object 'Sheet' is missing property 'cell_image_upload_enabled'
INFO:smartsheet.smartsheet:Request: {
command: GET https://api.smartsheet.com/2.0/sheets/238975370717060?pageSize=100&page=5
}
INFO:util:object 'Sheet' is missing property 'cell_image_upload_enabled'
INFO:smartsheet.smartsheet:Request: {
command: GET https://api.smartsheet.com/2.0/sheets/238975370717060?pageSize=100&page=6
}
INFO:util:object 'Sheet' is missing property 'cell_image_upload_enabled'
INFO:smartsheet.smartsheet:Request: {
command: GET https://api.smartsheet.com/2.0/sheets/7306346304432004?pageSize=100&page=1
}
INFO:util:object 'Sheet' is missing property 'cell_image_upload_enabled'
